Iteration	Posterior	Likelihood	Prior	clock_bg	er_base
0	-1178.982	-129.2771	-1049.705	0.01	0.01
10	-149.442	-97.08359	-52.35844	0.003404934	0.3379988
20	-89.02835	-93.61791	4.589564	0.003599477	1.051186
30	-88.97405	-94.15038	5.176335	0.002146957	1.038778
40	-92.19219	-97.31142	5.119237	0.001261675	0.8730341
50	-89.01865	-93.50688	4.488231	0.002571422	1.103929
60	-88.98776	-94.20729	5.219527	0.002247645	0.953949
70	-89.20803	-94.56791	5.359879	0.002003716	0.962821
80	-90.87079	-94.03403	3.163238	0.004796451	1.161038
90	-89.12535	-93.26924	4.143896	0.003138991	1.117349
100	-88.7822	-93.96085	5.178655	0.002316294	1.02055
110	-91.38375	-95.12844	3.744692	0.004375843	0.8640105
120	-89.71002	-95.25375	5.543734	0.001709076	0.9799352
130	-89.09255	-93.96466	4.872117	0.002679655	0.9214344
140	-91.44056	-92.77403	1.333469	0.003007285	1.290537
150	-89.77799	-93.06881	3.290824	0.003187238	1.180119
160	-93.20285	-97.12865	3.925794	0.006822866	1.055017
170	-90.87581	-92.92912	2.053312	0.003656042	1.24449
180	-90.22388	-94.95295	4.729069	0.001728465	1.118365
190	-89.98078	-95.22424	5.243457	0.001670289	1.067773
200	-89.59642	-93.35141	3.754992	0.002575181	1.163162
210	-88.6413	-93.66112	5.019825	0.002834878	1.004632
220	-88.95779	-94.09522	5.137435	0.002368115	0.9461212
230	-92.60186	-94.25481	1.652944	0.005435917	1.244688
240	-91.0241	-96.32826	5.304161	0.00139235	1.082678
250	-88.90466	-93.61062	4.705965	0.002507319	1.083816
260	-88.68048	-93.56004	4.87956	0.003030715	1.028459
270	-90.70868	-94.29298	3.584298	0.003212679	0.8368797
280	-89.69189	-93.29208	3.600192	0.003697297	1.148188
290	-90.58472	-95.03578	4.451054	0.00469012	0.945421
300	-88.91592	-93.419	4.503085	0.002754917	1.095558
310	-91.34018	-93.25052	1.910344	0.002417621	1.273075
320	-89.24094	-93.88582	4.644881	0.002226641	1.102694
330	-89.03614	-93.46066	4.424523	0.003470316	1.078756
340	-88.74703	-93.54432	4.797288	0.00318412	1.035746
350	-88.9028	-93.87926	4.976459	0.002739334	0.9426851
360	-89.05893	-93.33259	4.273658	0.003275362	1.101248
370	-92.15256	-96.39597	4.24341	0.005744332	0.9443137
380	-89.27188	-94.02332	4.751443	0.003755939	0.9741216
390	-89.01286	-93.93549	4.922633	0.002691263	0.9295637
400	-89.03309	-93.30518	4.272092	0.002977511	1.110516
410	-88.89791	-93.41083	4.512922	0.003234419	1.076595
420	-89.46245	-94.03798	4.575524	0.003303748	0.9104623
430	-88.7263	-93.53166	4.805357	0.003127775	1.037732
440	-89.95615	-93.79654	3.840388	0.002191715	1.168413
450	-90.7643	-95.16453	4.400236	0.005135461	1.015001
460	-90.76165	-95.05421	4.29256	0.005162633	1.040014
470	-89.42111	-94.12123	4.700126	0.002516548	0.8951945
480	-88.71127	-93.8903	5.179035	0.002454196	0.9942264
490	-89.52135	-93.35621	3.834866	0.003687468	1.129986
500	-91.89667	-96.21172	4.315049	0.005837446	0.9909279
510	-89.12306	-93.29001	4.166952	0.003237729	1.112482
520	-90.66587	-93.72187	3.056002	0.00217484	1.217797
530	-90.30471	-93.68164	3.37693	0.004348211	1.152718
540	-89.58792	-93.30909	3.721172	0.00366265	1.139649
550	-89.79929	-93.57977	3.780477	0.002343051	1.167942
560	-89.11494	-94.35945	5.244512	0.002030759	1.036269
570	-90.32664	-95.55813	5.231491	0.001654068	0.906442
580	-89.14598	-94.53324	5.387259	0.001982525	0.9987451
590	-89.23961	-93.35593	4.116311	0.003498236	1.110015
600	-89.16536	-93.48254	4.317185	0.00360279	1.086761
610	-88.65331	-93.58125	4.927939	0.00293957	1.02398
620	-91.68718	-94.54978	2.862604	0.005366264	1.173986
630	-89.58518	-94.93945	5.354274	0.001779136	1.040701
640	-89.13941	-93.25943	4.12002	0.003060706	1.12165
650	-90.26693	-93.0895	2.822573	0.003672192	1.200664
660	-89.02361	-94.36753	5.343917	0.002089735	0.9835808
670	-90.29434	-94.82965	4.535307	0.004690795	0.9833164
680	-88.8672	-93.52145	4.654254	0.002624395	1.084503
690	-89.06512	-93.71869	4.653565	0.003676861	1.035713
700	-89.38865	-93.73716	4.348512	0.003951654	1.072152
710	-89.11207	-93.47114	4.359069	0.003548505	1.083768
720	-89.14165	-93.86801	4.726355	0.003753695	1.010343
730	-88.76522	-93.44279	4.677571	0.002960599	1.066907
740	-93.05774	-97.21188	4.154145	0.006650743	1.010432
750	-89.66975	-94.06374	4.393988	0.003099382	0.8865299
760	-91.58618	-95.09334	3.507158	0.004265974	0.8479929
770	-89.62728	-93.23402	3.606741	0.002718467	1.16966
780	-88.78208	-93.44177	4.659684	0.003071742	1.064334
790	-89.85032	-93.53763	3.687308	0.004043223	1.134497
800	-88.66275	-93.61577	4.953017	0.002978585	1.012132
810	-88.92045	-93.95481	5.034363	0.002255621	1.054752
820	-88.73311	-93.64989	4.916779	0.002559333	1.053391
830	-89.63412	-94.19642	4.562292	0.003680571	0.9224858
840	-89.93709	-94.49209	4.554998	0.004149855	0.9413992
850	-89.23503	-93.22962	3.994589	0.003156043	1.129648
860	-88.7787	-93.9167	5.138005	0.002337155	1.028797
870	-89.85202	-93.4871	3.635085	0.003997128	1.139547
880	-89.24897	-93.89179	4.642817	0.003886947	1.025477
890	-88.88867	-93.37803	4.489362	0.002908675	1.091304
900	-88.9774	-93.99289	5.015487	0.002536788	0.9352872
910	-88.73508	-93.80797	5.072889	0.002706295	0.9695938
920	-88.65949	-93.55257	4.893085	0.00284375	1.039203
930	-89.1562	-93.51757	4.361372	0.002514692	1.117727
940	-90.86703	-94.31936	3.452328	0.0032122	0.8302862
950	-88.81525	-93.68503	4.869783	0.003302354	1.003257
960	-90.87495	-94.40879	3.533841	0.003441086	0.8378187
970	-90.25599	-92.97886	2.722864	0.003381647	1.211518
980	-90.25205	-93.51014	3.258096	0.004183186	1.163983
990	-89.51142	-93.71037	4.198951	0.004010389	1.087978
1000	-89.53719	-93.86634	4.329145	0.002197011	1.131917
